<?xml version="1.0" encoding="UTF-8"?>
<!-- Generated by org.testng.reporters.JUnitReportReporter -->
<testsuite hostname="DESKTOP-HJG0G65" name="testCase.TestBase" tests="1" failures="0" timestamp="1 Jun 2020 12:40:22 GMT" time="8.408" errors="0">
  <testcase name="initializeDriver" time="8.408" classname="testCase.TestBase"/>
</testsuite> <!-- testCase.TestBase -->
