<?xml version="1.0" encoding="UTF-8"?>
<!-- Generated by org.testng.reporters.JUnitReportReporter -->
<testsuite hostname="DESKTOP-HJG0G65" name="objectRepo.ReadExcel" tests="1" failures="0" timestamp="19 Jun 2020 07:06:58 GMT" time="7.747" errors="0">
  <testcase name="readExcelData" time="7.747" classname="objectRepo.ReadExcel"/>
</testsuite> <!-- objectRepo.ReadExcel -->
