<?xml version="1.0" encoding="UTF-8"?>
<!-- Generated by org.testng.reporters.JUnitReportReporter -->
<testsuite hostname="DESKTOP-HJG0G65" name="testCase.PageNav" tests="1" failures="0" timestamp="18 Jun 2020 11:59:02 GMT" time="16.930" errors="0">
  <testcase name="PageNavigation" time="16.930" classname="testCase.PageNav"/>
</testsuite> <!-- testCase.PageNav -->
