<?xml version="1.0" encoding="UTF-8"?>
<!-- Generated by org.testng.reporters.JUnitReportReporter -->
<testsuite hostname="DESKTOP-HJG0G65" name="extentReports.ExtentReportDemo" tests="1" failures="0" timestamp="22 Sep 2020 08:53:25 GMT" time="13.902" errors="0">
  <testcase name="ExtentDemo" time="13.902" classname="extentReports.ExtentReportDemo"/>
</testsuite> <!-- extentReports.ExtentReportDemo -->
